Vivado Simulator 2018.3
Copyright 1986-1999, 2001-2018 Xilinx, Inc. All Rights Reserved.
Running: C:/Xilinx/Vivado/2018.3/bin/unwrapped/win64.o/xelab.exe -wto 93c1402732dc4f38834f04b5d2d2ba5f --incr --debug typical --relax --mt 2 -L xil_defaultlib -L secureip --snapshot CPU_tb_behav xil_defaultlib.CPU_tb -log elaborate.log 
Using 2 slave threads.
Starting static elaboration
Completed static elaboration
Starting simulation data flow analysis
Completed simulation data flow analysis
Time Resolution for simulation is 1ps
Compiling package std.standard
Compiling package std.textio
Compiling package ieee.std_logic_1164
Compiling package ieee.numeric_std
Compiling package ieee.std_logic_arith
Compiling package ieee.std_logic_unsigned
Compiling architecture behavioral of entity xil_defaultlib.CPUControl [cpucontrol_default]
Compiling architecture behavioral of entity xil_defaultlib.SignExtend [\SignExtend(inl=26,outl=28,shift...]
Compiling architecture flipflop of entity xil_defaultlib.flipflop [\flipflop(n=32)\]
Compiling architecture behavioral of entity xil_defaultlib.SignExtend [\SignExtend(shift=16)\]
Compiling architecture behavioral of entity xil_defaultlib.SignExtend [signextend_default]
Compiling architecture behavioral of entity xil_defaultlib.SignExtend [\SignExtend(inl=32,shift=2)\]
Compiling architecture behavioral of entity xil_defaultlib.Registers [registers_default]
Compiling architecture behavioral of entity xil_defaultlib.Logical [logical_default]
Compiling architecture behavioral of entity xil_defaultlib.Shift [shift_default]
Compiling architecture behavioral of entity xil_defaultlib.Comp [comp_default]
Compiling architecture struct of entity xil_defaultlib.Arith_Unit [arith_unit_default]
Compiling architecture behavioral of entity xil_defaultlib.ALU [alu_default]
Compiling architecture behavioral of entity xil_defaultlib.CPU [cpu_default]
Compiling architecture struct of entity xil_defaultlib.CPU_memory [cpu_memory_default]
Compiling architecture behavioral of entity xil_defaultlib.cpu_tb
Built simulation snapshot CPU_tb_behav
